[0.621s] Invoking command in '/home/jeong/trial_ws/src/trial_topic': PYTHONPATH=/home/jeong/trial_ws/install/trial_topic/lib/python3.8/site-packages:${PYTHONPATH} /usr/bin/python3 setup.py egg_info --egg-base ../../build/trial_topic build --build-base /home/jeong/trial_ws/build/trial_topic/build install --prefix /home/jeong/trial_ws/install/trial_topic --record /home/jeong/trial_ws/build/trial_topic/install.log --single-version-externally-managed
[0.823s] running egg_info
[0.824s] writing ../../build/trial_topic/trial_topic.egg-info/PKG-INFO
[0.824s] writing dependency_links to ../../build/trial_topic/trial_topic.egg-info/dependency_links.txt
[0.824s] writing entry points to ../../build/trial_topic/trial_topic.egg-info/entry_points.txt
[0.824s] writing requirements to ../../build/trial_topic/trial_topic.egg-info/requires.txt
[0.824s] writing top-level names to ../../build/trial_topic/trial_topic.egg-info/top_level.txt
[0.861s] reading manifest file '../../build/trial_topic/trial_topic.egg-info/SOURCES.txt'
[0.862s] writing manifest file '../../build/trial_topic/trial_topic.egg-info/SOURCES.txt'
[0.862s] running build
[0.862s] running build_py
[0.862s] copying trial_topic/trial_subscriber.py -> /home/jeong/trial_ws/build/trial_topic/build/lib/trial_topic
[0.862s] copying trial_topic/trial_publisher.py -> /home/jeong/trial_ws/build/trial_topic/build/lib/trial_topic
[0.862s] running install
[0.863s] running install_lib
[0.864s] copying /home/jeong/trial_ws/build/trial_topic/build/lib/trial_topic/trial_subscriber.py -> /home/jeong/trial_ws/install/trial_topic/lib/python3.8/site-packages/trial_topic
[0.864s] copying /home/jeong/trial_ws/build/trial_topic/build/lib/trial_topic/trial_publisher.py -> /home/jeong/trial_ws/install/trial_topic/lib/python3.8/site-packages/trial_topic
[0.865s] byte-compiling /home/jeong/trial_ws/install/trial_topic/lib/python3.8/site-packages/trial_topic/trial_subscriber.py to trial_subscriber.cpython-38.pyc
[0.866s] byte-compiling /home/jeong/trial_ws/install/trial_topic/lib/python3.8/site-packages/trial_topic/trial_publisher.py to trial_publisher.cpython-38.pyc
[0.867s] running install_data
[0.867s] copying package.xml -> /home/jeong/trial_ws/install/trial_topic/share/trial_topic
[0.867s] running install_egg_info
[0.869s] removing '/home/jeong/trial_ws/install/trial_topic/lib/python3.8/site-packages/trial_topic-0.0.0-py3.8.egg-info' (and everything under it)
[0.869s] Copying ../../build/trial_topic/trial_topic.egg-info to /home/jeong/trial_ws/install/trial_topic/lib/python3.8/site-packages/trial_topic-0.0.0-py3.8.egg-info
[0.870s] running install_scripts
[0.887s] Installing publisher script to /home/jeong/trial_ws/install/trial_topic/lib/trial_topic
[0.887s] Installing subscriber script to /home/jeong/trial_ws/install/trial_topic/lib/trial_topic
[0.887s] writing list of installed files to '/home/jeong/trial_ws/build/trial_topic/install.log'
[0.907s] Invoked command in '/home/jeong/trial_ws/src/trial_topic' returned '0': PYTHONPATH=/home/jeong/trial_ws/install/trial_topic/lib/python3.8/site-packages:${PYTHONPATH} /usr/bin/python3 setup.py egg_info --egg-base ../../build/trial_topic build --build-base /home/jeong/trial_ws/build/trial_topic/build install --prefix /home/jeong/trial_ws/install/trial_topic --record /home/jeong/trial_ws/build/trial_topic/install.log --single-version-externally-managed
