running egg_info
creating ../../build/dummy_package/dummy_package.egg-info
writing ../../build/dummy_package/dummy_package.egg-info/PKG-INFO
writing dependency_links to ../../build/dummy_package/dummy_package.egg-info/dependency_links.txt
writing entry points to ../../build/dummy_package/dummy_package.egg-info/entry_points.txt
writing requirements to ../../build/dummy_package/dummy_package.egg-info/requires.txt
writing top-level names to ../../build/dummy_package/dummy_package.egg-info/top_level.txt
writing manifest file '../../build/dummy_package/dummy_package.egg-info/SOURCES.txt'
reading manifest file '../../build/dummy_package/dummy_package.egg-info/SOURCES.txt'
writing manifest file '../../build/dummy_package/dummy_package.egg-info/SOURCES.txt'
running build
running build_py
creating /home/jeong/trial_ws/build/dummy_package/build
creating /home/jeong/trial_ws/build/dummy_package/build/lib
creating /home/jeong/trial_ws/build/dummy_package/build/lib/dummy_package
copying dummy_package/__init__.py -> /home/jeong/trial_ws/build/dummy_package/build/lib/dummy_package
running install
running install_lib
creating /home/jeong/trial_ws/install/dummy_package/lib/python3.8/site-packages/dummy_package
copying /home/jeong/trial_ws/build/dummy_package/build/lib/dummy_package/__init__.py -> /home/jeong/trial_ws/install/dummy_package/lib/python3.8/site-packages/dummy_package
byte-compiling /home/jeong/trial_ws/install/dummy_package/lib/python3.8/site-packages/dummy_package/__init__.py to __init__.cpython-38.pyc
running install_data
creating /home/jeong/trial_ws/install/dummy_package/share/ament_index
creating /home/jeong/trial_ws/install/dummy_package/share/ament_index/resource_index
creating /home/jeong/trial_ws/install/dummy_package/share/ament_index/resource_index/packages
copying resource/dummy_package -> /home/jeong/trial_ws/install/dummy_package/share/ament_index/resource_index/packages
copying package.xml -> /home/jeong/trial_ws/install/dummy_package/share/dummy_package
running install_egg_info
Copying ../../build/dummy_package/dummy_package.egg-info to /home/jeong/trial_ws/install/dummy_package/lib/python3.8/site-packages/dummy_package-0.0.0-py3.8.egg-info
running install_scripts
writing list of installed files to '/home/jeong/trial_ws/build/dummy_package/install.log'
