[0.653s] Invoking command in '/home/jeong/trial_ws/src/dummy_package': PYTHONPATH=/home/jeong/trial_ws/install/dummy_package/lib/python3.8/site-packages:${PYTHONPATH} /usr/bin/python3 setup.py egg_info --egg-base ../../build/dummy_package build --build-base /home/jeong/trial_ws/build/dummy_package/build install --prefix /home/jeong/trial_ws/install/dummy_package --record /home/jeong/trial_ws/build/dummy_package/install.log --single-version-externally-managed
[0.858s] running egg_info
[0.859s] creating ../../build/dummy_package/dummy_package.egg-info
[0.859s] writing ../../build/dummy_package/dummy_package.egg-info/PKG-INFO
[0.859s] writing dependency_links to ../../build/dummy_package/dummy_package.egg-info/dependency_links.txt
[0.859s] writing entry points to ../../build/dummy_package/dummy_package.egg-info/entry_points.txt
[0.859s] writing requirements to ../../build/dummy_package/dummy_package.egg-info/requires.txt
[0.859s] writing top-level names to ../../build/dummy_package/dummy_package.egg-info/top_level.txt
[0.861s] writing manifest file '../../build/dummy_package/dummy_package.egg-info/SOURCES.txt'
[0.896s] reading manifest file '../../build/dummy_package/dummy_package.egg-info/SOURCES.txt'
[0.896s] writing manifest file '../../build/dummy_package/dummy_package.egg-info/SOURCES.txt'
[0.897s] running build
[0.897s] running build_py
[0.897s] creating /home/jeong/trial_ws/build/dummy_package/build
[0.897s] creating /home/jeong/trial_ws/build/dummy_package/build/lib
[0.897s] creating /home/jeong/trial_ws/build/dummy_package/build/lib/dummy_package
[0.897s] copying dummy_package/__init__.py -> /home/jeong/trial_ws/build/dummy_package/build/lib/dummy_package
[0.897s] running install
[0.898s] running install_lib
[0.899s] creating /home/jeong/trial_ws/install/dummy_package/lib/python3.8/site-packages/dummy_package
[0.899s] copying /home/jeong/trial_ws/build/dummy_package/build/lib/dummy_package/__init__.py -> /home/jeong/trial_ws/install/dummy_package/lib/python3.8/site-packages/dummy_package
[0.899s] byte-compiling /home/jeong/trial_ws/install/dummy_package/lib/python3.8/site-packages/dummy_package/__init__.py to __init__.cpython-38.pyc
[0.901s] running install_data
[0.901s] creating /home/jeong/trial_ws/install/dummy_package/share/ament_index
[0.901s] creating /home/jeong/trial_ws/install/dummy_package/share/ament_index/resource_index
[0.901s] creating /home/jeong/trial_ws/install/dummy_package/share/ament_index/resource_index/packages
[0.901s] copying resource/dummy_package -> /home/jeong/trial_ws/install/dummy_package/share/ament_index/resource_index/packages
[0.902s] copying package.xml -> /home/jeong/trial_ws/install/dummy_package/share/dummy_package
[0.902s] running install_egg_info
[0.903s] Copying ../../build/dummy_package/dummy_package.egg-info to /home/jeong/trial_ws/install/dummy_package/lib/python3.8/site-packages/dummy_package-0.0.0-py3.8.egg-info
[0.904s] running install_scripts
[0.921s] writing list of installed files to '/home/jeong/trial_ws/build/dummy_package/install.log'
[0.943s] Invoked command in '/home/jeong/trial_ws/src/dummy_package' returned '0': PYTHONPATH=/home/jeong/trial_ws/install/dummy_package/lib/python3.8/site-packages:${PYTHONPATH} /usr/bin/python3 setup.py egg_info --egg-base ../../build/dummy_package build --build-base /home/jeong/trial_ws/build/dummy_package/build install --prefix /home/jeong/trial_ws/install/dummy_package --record /home/jeong/trial_ws/build/dummy_package/install.log --single-version-externally-managed
