[0.013s] Invoking command in '/home/jeong/trial_ws/build/trial_interface': CMAKE_PREFIX_PATH=/opt/ros/foxy /usr/bin/cmake /home/jeong/trial_ws/src/trial_interface -DCMAKE_INSTALL_PREFIX=/home/jeong/trial_ws/install/trial_interface
[0.144s] -- The C compiler identification is GNU 9.4.0
[0.258s] -- The CXX compiler identification is GNU 9.4.0
[0.266s] -- Check for working C compiler: /usr/bin/cc
[0.345s] -- Check for working C compiler: /usr/bin/cc -- works
[0.346s] -- Detecting C compiler ABI info
[0.432s] -- Detecting C compiler ABI info - done
[0.449s] -- Detecting C compile features
[0.450s] -- Detecting C compile features - done
[0.453s] -- Check for working CXX compiler: /usr/bin/c++
[0.526s] -- Check for working CXX compiler: /usr/bin/c++ -- works
[0.527s] -- Detecting CXX compiler ABI info
[0.610s] -- Detecting CXX compiler ABI info - done
[0.624s] -- Detecting CXX compile features
[0.625s] -- Detecting CXX compile features - done
[0.630s] -- Found ament_cmake: 0.9.11 (/opt/ros/foxy/share/ament_cmake/cmake)
[0.659s] -- Found PythonInterp: /usr/bin/python3 (found suitable version "3.8.10", minimum required is "3") 
[0.660s] -- Using PYTHON_EXECUTABLE: /usr/bin/python3
[0.865s] -- Found rosidl_default_generators: 1.0.1 (/opt/ros/foxy/share/rosidl_default_generators/cmake)
[0.869s] -- Using all available rosidl_typesupport_c: rosidl_typesupport_fastrtps_c;rosidl_typesupport_introspection_c
[0.877s] -- Found rosidl_adapter: 1.3.0 (/opt/ros/foxy/share/rosidl_adapter/cmake)
[0.973s] -- Found OpenSSL: /usr/lib/x86_64-linux-gnu/libcrypto.so (found version "1.1.1f")  
[1.002s] -- Found FastRTPS: /opt/ros/foxy/include  
[1.091s] -- Using all available rosidl_typesupport_cpp: rosidl_typesupport_fastrtps_cpp;rosidl_typesupport_introspection_cpp
[1.144s] -- Found PythonInterp: /usr/bin/python3 (found version "3.8.10") 
[1.273s] -- Found ament_cmake_ros: 0.9.2 (/opt/ros/foxy/share/ament_cmake_ros/cmake)
[1.375s] -- Using all available rosidl_typesupport_c: rosidl_typesupport_fastrtps_c;rosidl_typesupport_introspection_c
[1.382s] -- Using all available rosidl_typesupport_cpp: rosidl_typesupport_fastrtps_cpp;rosidl_typesupport_introspection_cpp
[1.405s] -- Found PythonInterp: /usr/bin/python3 (found suitable version "3.8.10", minimum required is "3.5") 
[1.407s] -- Found python_cmake_module: 0.8.1 (/opt/ros/foxy/share/python_cmake_module/cmake)
[1.435s] -- Found PythonLibs: /usr/lib/x86_64-linux-gnu/libpython3.8.so (found suitable version "3.8.10", minimum required is "3.5") 
[1.435s] -- Using PYTHON_EXECUTABLE: /usr/bin/python3
[1.435s] -- Using PYTHON_INCLUDE_DIRS: /usr/include/python3.8
[1.435s] -- Using PYTHON_LIBRARIES: /usr/lib/x86_64-linux-gnu/libpython3.8.so
[1.456s] -- Found PythonExtra: .so  
[1.497s] -- Found ament_lint_auto: 0.9.7 (/opt/ros/foxy/share/ament_lint_auto/cmake)
[1.524s] -- Added test 'copyright' to check source files copyright and LICENSE
[1.526s] -- Added test 'lint_cmake' to check CMake code style
[1.527s] -- Added test 'xmllint' to check XML markup files
[1.532s] -- Configuring done
[1.561s] -- Generating done
[1.563s] -- Build files have been written to: /home/jeong/trial_ws/build/trial_interface
[1.571s] Invoked command in '/home/jeong/trial_ws/build/trial_interface' returned '0': CMAKE_PREFIX_PATH=/opt/ros/foxy /usr/bin/cmake /home/jeong/trial_ws/src/trial_interface -DCMAKE_INSTALL_PREFIX=/home/jeong/trial_ws/install/trial_interface
[1.574s] Invoking command in '/home/jeong/trial_ws/build/trial_interface': CMAKE_PREFIX_PATH=/opt/ros/foxy /usr/bin/cmake --build /home/jeong/trial_ws/build/trial_interface -- -j8 -l8
[1.613s] [  2%] [34m[1mGenerating C code for ROS interfaces[0m
[1.614s] [35m[1mScanning dependencies of target trial_interface__cpp[0m
[1.626s] [  5%] [34m[1mGenerating C++ code for ROS interfaces[0m
[2.002s] [  5%] Built target trial_interface__cpp
[2.022s] [  7%] [34m[1mGenerating C++ type support dispatch for ROS interfaces[0m
[2.023s] [ 10%] [34m[1mGenerating C++ type support for eProsima Fast-RTPS[0m
[2.023s] [ 12%] [34m[1mGenerating C++ introspection for ROS interfaces[0m
[2.055s] [35m[1mScanning dependencies of target trial_interface__rosidl_generator_c[0m
[2.075s] [ 15%] [32mBuilding C object CMakeFiles/trial_interface__rosidl_generator_c.dir/rosidl_generator_c/trial_interface/srv/detail/xyz__functions.c.o[0m
[2.080s] [ 17%] [32mBuilding C object CMakeFiles/trial_interface__rosidl_generator_c.dir/rosidl_generator_c/trial_interface/msg/detail/valu__functions.c.o[0m
[2.189s] [ 20%] [32m[1mLinking C shared library libtrial_interface__rosidl_generator_c.so[0m
[2.256s] [ 20%] Built target trial_interface__rosidl_generator_c
[2.274s] [ 23%] [34m[1mGenerating C type support dispatch for ROS interfaces[0m
[2.279s] [ 25%] [34m[1mGenerating C introspection for ROS interfaces[0m
[2.482s] [35m[1mScanning dependencies of target trial_interface__rosidl_typesupport_cpp[0m
[2.504s] [ 28%] [32mBuilding CXX object CMakeFiles/trial_interface__rosidl_typesupport_cpp.dir/rosidl_typesupport_cpp/trial_interface/srv/xyz__type_support.cpp.o[0m
[2.508s] [ 30%] [32mBuilding CXX object CMakeFiles/trial_interface__rosidl_typesupport_cpp.dir/rosidl_typesupport_cpp/trial_interface/msg/valu__type_support.cpp.o[0m
[2.609s] [35m[1mScanning dependencies of target trial_interface__rosidl_typesupport_fastrtps_cpp[0m
[2.622s] [35m[1mScanning dependencies of target trial_interface__rosidl_typesupport_introspection_cpp[0m
[2.654s] [ 33%] [32mBuilding CXX object CMakeFiles/trial_interface__rosidl_typesupport_introspection_cpp.dir/rosidl_typesupport_introspection_cpp/trial_interface/srv/detail/xyz__type_support.cpp.o[0m
[2.654s] [ 35%] [32mBuilding CXX object CMakeFiles/trial_interface__rosidl_typesupport_introspection_cpp.dir/rosidl_typesupport_introspection_cpp/trial_interface/msg/detail/valu__type_support.cpp.o[0m
[2.659s] [ 38%] [32mBuilding CXX object CMakeFiles/trial_interface__rosidl_typesupport_fastrtps_cpp.dir/rosidl_typesupport_fastrtps_cpp/trial_interface/msg/detail/dds_fastrtps/valu__type_support.cpp.o[0m
[2.669s] [ 41%] [32mBuilding CXX object CMakeFiles/trial_interface__rosidl_typesupport_fastrtps_cpp.dir/rosidl_typesupport_fastrtps_cpp/trial_interface/srv/detail/dds_fastrtps/xyz__type_support.cpp.o[0m
[2.790s] [35m[1mScanning dependencies of target trial_interface__rosidl_typesupport_c[0m
[2.817s] [ 43%] [32mBuilding CXX object CMakeFiles/trial_interface__rosidl_typesupport_c.dir/rosidl_typesupport_c/trial_interface/msg/valu__type_support.cpp.o[0m
[2.891s] [ 46%] [32mBuilding CXX object CMakeFiles/trial_interface__rosidl_typesupport_c.dir/rosidl_typesupport_c/trial_interface/srv/xyz__type_support.cpp.o[0m
[2.969s] [ 48%] [32m[1mLinking CXX shared library libtrial_interface__rosidl_typesupport_c.so[0m
[3.066s] [ 48%] Built target trial_interface__rosidl_typesupport_c
[3.085s] [35m[1mScanning dependencies of target trial_interface__rosidl_typesupport_introspection_c[0m
[3.112s] [ 51%] [32mBuilding C object CMakeFiles/trial_interface__rosidl_typesupport_introspection_c.dir/rosidl_typesupport_introspection_c/trial_interface/msg/detail/valu__type_support.c.o[0m
[3.112s] [ 53%] [32mBuilding C object CMakeFiles/trial_interface__rosidl_typesupport_introspection_c.dir/rosidl_typesupport_introspection_c/trial_interface/srv/detail/xyz__type_support.c.o[0m
[3.200s] [ 56%] [32m[1mLinking C shared library libtrial_interface__rosidl_typesupport_introspection_c.so[0m
[3.253s] [ 56%] Built target trial_interface__rosidl_typesupport_introspection_c
[3.306s] [ 58%] [32m[1mLinking CXX shared library libtrial_interface__rosidl_typesupport_cpp.so[0m
[3.378s] [ 58%] Built target trial_interface__rosidl_typesupport_cpp
[3.432s] [ 61%] [32m[1mLinking CXX shared library libtrial_interface__rosidl_typesupport_introspection_cpp.so[0m
[3.488s] [ 61%] Built target trial_interface__rosidl_typesupport_introspection_cpp
[3.647s] [ 64%] [32m[1mLinking CXX shared library libtrial_interface__rosidl_typesupport_fastrtps_cpp.so[0m
[3.737s] [ 64%] Built target trial_interface__rosidl_typesupport_fastrtps_cpp
[3.746s] [ 66%] [34m[1mGenerating C type support for eProsima Fast-RTPS[0m
[4.036s] [35m[1mScanning dependencies of target trial_interface__rosidl_typesupport_fastrtps_c[0m
[4.058s] [ 69%] [32mBuilding CXX object CMakeFiles/trial_interface__rosidl_typesupport_fastrtps_c.dir/rosidl_typesupport_fastrtps_c/trial_interface/msg/detail/valu__type_support_c.cpp.o[0m
[4.060s] [ 71%] [32mBuilding CXX object CMakeFiles/trial_interface__rosidl_typesupport_fastrtps_c.dir/rosidl_typesupport_fastrtps_c/trial_interface/srv/detail/xyz__type_support_c.cpp.o[0m
[4.486s] [ 74%] [32m[1mLinking CXX shared library libtrial_interface__rosidl_typesupport_fastrtps_c.so[0m
[4.569s] [ 74%] Built target trial_interface__rosidl_typesupport_fastrtps_c
[4.578s] [35m[1mScanning dependencies of target trial_interface[0m
[4.587s] [ 74%] Built target trial_interface
[4.596s] [35m[1mScanning dependencies of target trial_interface__py[0m
[4.606s] [ 76%] [34m[1mGenerating Python code for ROS interfaces[0m
[5.146s] [ 76%] Built target trial_interface__py
[5.155s] [35m[1mScanning dependencies of target trial_interface__python[0m
[5.184s] [ 79%] [32mBuilding C object CMakeFiles/trial_interface__python.dir/rosidl_generator_py/trial_interface/srv/_xyz_s.c.o[0m
[5.185s] [ 82%] [32mBuilding C object CMakeFiles/trial_interface__python.dir/rosidl_generator_py/trial_interface/msg/_valu_s.c.o[0m
[5.301s] [ 84%] [32m[1mLinking C shared library rosidl_generator_py/trial_interface/libtrial_interface__python.so[0m
[5.337s] [ 84%] Built target trial_interface__python
[5.351s] [35m[1mScanning dependencies of target trial_interface__rosidl_typesupport_introspection_c__pyext[0m
[5.354s] [35m[1mScanning dependencies of target trial_interface__rosidl_typesupport_c__pyext[0m
[5.354s] [35m[1mScanning dependencies of target trial_interface__rosidl_typesupport_fastrtps_c__pyext[0m
[5.373s] [ 87%] [32mBuilding C object CMakeFiles/trial_interface__rosidl_typesupport_introspection_c__pyext.dir/rosidl_generator_py/trial_interface/_trial_interface_s.ep.rosidl_typesupport_introspection_c.c.o[0m
[5.388s] [ 89%] [32mBuilding C object CMakeFiles/trial_interface__rosidl_typesupport_fastrtps_c__pyext.dir/rosidl_generator_py/trial_interface/_trial_interface_s.ep.rosidl_typesupport_fastrtps_c.c.o[0m
[5.389s] [ 92%] [32mBuilding C object CMakeFiles/trial_interface__rosidl_typesupport_c__pyext.dir/rosidl_generator_py/trial_interface/_trial_interface_s.ep.rosidl_typesupport_c.c.o[0m
[5.501s] [ 94%] [32m[1mLinking C shared library rosidl_generator_py/trial_interface/trial_interface_s__rosidl_typesupport_introspection_c.cpython-38-x86_64-linux-gnu.so[0m
[5.514s] [ 97%] [32m[1mLinking C shared library rosidl_generator_py/trial_interface/trial_interface_s__rosidl_typesupport_c.cpython-38-x86_64-linux-gnu.so[0m
[5.518s] [100%] [32m[1mLinking CXX shared library rosidl_generator_py/trial_interface/trial_interface_s__rosidl_typesupport_fastrtps_c.cpython-38-x86_64-linux-gnu.so[0m
[5.557s] [100%] Built target trial_interface__rosidl_typesupport_introspection_c__pyext
[5.564s] [100%] Built target trial_interface__rosidl_typesupport_c__pyext
[5.598s] [100%] Built target trial_interface__rosidl_typesupport_fastrtps_c__pyext
[5.608s] Invoked command in '/home/jeong/trial_ws/build/trial_interface' returned '0': CMAKE_PREFIX_PATH=/opt/ros/foxy /usr/bin/cmake --build /home/jeong/trial_ws/build/trial_interface -- -j8 -l8
[5.672s] Invoking command in '/home/jeong/trial_ws/build/trial_interface': CMAKE_PREFIX_PATH=/opt/ros/foxy /usr/bin/cmake --install /home/jeong/trial_ws/build/trial_interface
[5.682s] -- Install configuration: ""
[5.682s] -- Installing: /home/jeong/trial_ws/install/trial_interface/share/ament_index/resource_index/rosidl_interfaces/trial_interface
[5.682s] -- Installing: /home/jeong/trial_ws/install/trial_interface/include/trial_interface
[5.683s] -- Installing: /home/jeong/trial_ws/install/trial_interface/include/trial_interface/msg
[5.683s] -- Installing: /home/jeong/trial_ws/install/trial_interface/include/trial_interface/msg/valu.h
[5.683s] -- Installing: /home/jeong/trial_ws/install/trial_interface/include/trial_interface/msg/detail
[5.683s] -- Installing: /home/jeong/trial_ws/install/trial_interface/include/trial_interface/msg/detail/valu__type_support.h
[5.683s] -- Installing: /home/jeong/trial_ws/install/trial_interface/include/trial_interface/msg/detail/valu__functions.c
[5.683s] -- Installing: /home/jeong/trial_ws/install/trial_interface/include/trial_interface/msg/detail/valu__functions.h
[5.683s] -- Installing: /home/jeong/trial_ws/install/trial_interface/include/trial_interface/msg/detail/valu__struct.h
[5.683s] -- Installing: /home/jeong/trial_ws/install/trial_interface/include/trial_interface/msg/rosidl_generator_c__visibility_control.h
[5.683s] -- Installing: /home/jeong/trial_ws/install/trial_interface/include/trial_interface/srv
[5.683s] -- Installing: /home/jeong/trial_ws/install/trial_interface/include/trial_interface/srv/detail
[5.684s] -- Installing: /home/jeong/trial_ws/install/trial_interface/include/trial_interface/srv/detail/xyz__functions.c
[5.684s] -- Installing: /home/jeong/trial_ws/install/trial_interface/include/trial_interface/srv/detail/xyz__type_support.h
[5.684s] -- Installing: /home/jeong/trial_ws/install/trial_interface/include/trial_interface/srv/detail/xyz__functions.h
[5.684s] -- Installing: /home/jeong/trial_ws/install/trial_interface/include/trial_interface/srv/detail/xyz__struct.h
[5.684s] -- Installing: /home/jeong/trial_ws/install/trial_interface/include/trial_interface/srv/xyz.h
[5.684s] -- Installing: /home/jeong/trial_ws/install/trial_interface/share/trial_interface/environment/library_path.sh
[5.684s] -- Installing: /home/jeong/trial_ws/install/trial_interface/share/trial_interface/environment/library_path.dsv
[5.684s] -- Installing: /home/jeong/trial_ws/install/trial_interface/lib/libtrial_interface__rosidl_generator_c.so
[5.684s] -- Set runtime path of "/home/jeong/trial_ws/install/trial_interface/lib/libtrial_interface__rosidl_generator_c.so" to ""
[5.684s] -- Up-to-date: /home/jeong/trial_ws/install/trial_interface/include/trial_interface
[5.684s] -- Up-to-date: /home/jeong/trial_ws/install/trial_interface/include/trial_interface/msg
[5.685s] -- Up-to-date: /home/jeong/trial_ws/install/trial_interface/include/trial_interface/msg/detail
[5.685s] -- Installing: /home/jeong/trial_ws/install/trial_interface/include/trial_interface/msg/detail/valu__rosidl_typesupport_fastrtps_c.h
[5.685s] -- Installing: /home/jeong/trial_ws/install/trial_interface/include/trial_interface/msg/rosidl_typesupport_fastrtps_c__visibility_control.h
[5.685s] -- Up-to-date: /home/jeong/trial_ws/install/trial_interface/include/trial_interface/srv
[5.685s] -- Up-to-date: /home/jeong/trial_ws/install/trial_interface/include/trial_interface/srv/detail
[5.685s] -- Installing: /home/jeong/trial_ws/install/trial_interface/include/trial_interface/srv/detail/xyz__rosidl_typesupport_fastrtps_c.h
[5.685s] -- Installing: /home/jeong/trial_ws/install/trial_interface/lib/libtrial_interface__rosidl_typesupport_fastrtps_c.so
[5.685s] -- Set runtime path of "/home/jeong/trial_ws/install/trial_interface/lib/libtrial_interface__rosidl_typesupport_fastrtps_c.so" to ""
[5.685s] -- Up-to-date: /home/jeong/trial_ws/install/trial_interface/include/trial_interface
[5.685s] -- Up-to-date: /home/jeong/trial_ws/install/trial_interface/include/trial_interface/msg
[5.686s] -- Installing: /home/jeong/trial_ws/install/trial_interface/include/trial_interface/msg/rosidl_typesupport_fastrtps_cpp__visibility_control.h
[5.686s] -- Up-to-date: /home/jeong/trial_ws/install/trial_interface/include/trial_interface/msg/detail
[5.686s] -- Installing: /home/jeong/trial_ws/install/trial_interface/include/trial_interface/msg/detail/dds_fastrtps
[5.686s] -- Installing: /home/jeong/trial_ws/install/trial_interface/include/trial_interface/msg/detail/valu__rosidl_typesupport_fastrtps_cpp.hpp
[5.686s] -- Up-to-date: /home/jeong/trial_ws/install/trial_interface/include/trial_interface/srv
[5.686s] -- Up-to-date: /home/jeong/trial_ws/install/trial_interface/include/trial_interface/srv/detail
[5.686s] -- Installing: /home/jeong/trial_ws/install/trial_interface/include/trial_interface/srv/detail/xyz__rosidl_typesupport_fastrtps_cpp.hpp
[5.686s] -- Installing: /home/jeong/trial_ws/install/trial_interface/include/trial_interface/srv/detail/dds_fastrtps
[5.686s] -- Installing: /home/jeong/trial_ws/install/trial_interface/lib/libtrial_interface__rosidl_typesupport_fastrtps_cpp.so
[5.686s] -- Set runtime path of "/home/jeong/trial_ws/install/trial_interface/lib/libtrial_interface__rosidl_typesupport_fastrtps_cpp.so" to ""
[5.686s] -- Up-to-date: /home/jeong/trial_ws/install/trial_interface/include/trial_interface
[5.687s] -- Up-to-date: /home/jeong/trial_ws/install/trial_interface/include/trial_interface/msg
[5.687s] -- Up-to-date: /home/jeong/trial_ws/install/trial_interface/include/trial_interface/msg/detail
[5.687s] -- Installing: /home/jeong/trial_ws/install/trial_interface/include/trial_interface/msg/detail/valu__rosidl_typesupport_introspection_c.h
[5.687s] -- Installing: /home/jeong/trial_ws/install/trial_interface/include/trial_interface/msg/detail/valu__type_support.c
[5.687s] -- Installing: /home/jeong/trial_ws/install/trial_interface/include/trial_interface/msg/rosidl_typesupport_introspection_c__visibility_control.h
[5.687s] -- Up-to-date: /home/jeong/trial_ws/install/trial_interface/include/trial_interface/srv
[5.687s] -- Up-to-date: /home/jeong/trial_ws/install/trial_interface/include/trial_interface/srv/detail
[5.687s] -- Installing: /home/jeong/trial_ws/install/trial_interface/include/trial_interface/srv/detail/xyz__rosidl_typesupport_introspection_c.h
[5.687s] -- Installing: /home/jeong/trial_ws/install/trial_interface/include/trial_interface/srv/detail/xyz__type_support.c
[5.687s] -- Installing: /home/jeong/trial_ws/install/trial_interface/lib/libtrial_interface__rosidl_typesupport_introspection_c.so
[5.687s] -- Set runtime path of "/home/jeong/trial_ws/install/trial_interface/lib/libtrial_interface__rosidl_typesupport_introspection_c.so" to ""
[5.687s] -- Installing: /home/jeong/trial_ws/install/trial_interface/lib/libtrial_interface__rosidl_typesupport_c.so
[5.688s] -- Set runtime path of "/home/jeong/trial_ws/install/trial_interface/lib/libtrial_interface__rosidl_typesupport_c.so" to ""
[5.688s] -- Up-to-date: /home/jeong/trial_ws/install/trial_interface/include/trial_interface
[5.688s] -- Up-to-date: /home/jeong/trial_ws/install/trial_interface/include/trial_interface/msg
[5.688s] -- Up-to-date: /home/jeong/trial_ws/install/trial_interface/include/trial_interface/msg/detail
[5.688s] -- Installing: /home/jeong/trial_ws/install/trial_interface/include/trial_interface/msg/detail/valu__traits.hpp
[5.688s] -- Installing: /home/jeong/trial_ws/install/trial_interface/include/trial_interface/msg/detail/valu__builder.hpp
[5.688s] -- Installing: /home/jeong/trial_ws/install/trial_interface/include/trial_interface/msg/detail/valu__struct.hpp
[5.688s] -- Installing: /home/jeong/trial_ws/install/trial_interface/include/trial_interface/msg/valu.hpp
[5.689s] -- Up-to-date: /home/jeong/trial_ws/install/trial_interface/include/trial_interface/srv
[5.689s] -- Up-to-date: /home/jeong/trial_ws/install/trial_interface/include/trial_interface/srv/detail
[5.689s] -- Installing: /home/jeong/trial_ws/install/trial_interface/include/trial_interface/srv/detail/xyz__builder.hpp
[5.689s] -- Installing: /home/jeong/trial_ws/install/trial_interface/include/trial_interface/srv/detail/xyz__traits.hpp
[5.689s] -- Installing: /home/jeong/trial_ws/install/trial_interface/include/trial_interface/srv/detail/xyz__struct.hpp
[5.689s] -- Installing: /home/jeong/trial_ws/install/trial_interface/include/trial_interface/srv/xyz.hpp
[5.689s] -- Up-to-date: /home/jeong/trial_ws/install/trial_interface/include/trial_interface
[5.689s] -- Up-to-date: /home/jeong/trial_ws/install/trial_interface/include/trial_interface/msg
[5.689s] -- Up-to-date: /home/jeong/trial_ws/install/trial_interface/include/trial_interface/msg/detail
[5.689s] -- Installing: /home/jeong/trial_ws/install/trial_interface/include/trial_interface/msg/detail/valu__type_support.cpp
[5.690s] -- Installing: /home/jeong/trial_ws/install/trial_interface/include/trial_interface/msg/detail/valu__rosidl_typesupport_introspection_cpp.hpp
[5.690s] -- Up-to-date: /home/jeong/trial_ws/install/trial_interface/include/trial_interface/srv
[5.690s] -- Up-to-date: /home/jeong/trial_ws/install/trial_interface/include/trial_interface/srv/detail
[5.690s] -- Installing: /home/jeong/trial_ws/install/trial_interface/include/trial_interface/srv/detail/xyz__rosidl_typesupport_introspection_cpp.hpp
[5.690s] -- Installing: /home/jeong/trial_ws/install/trial_interface/include/trial_interface/srv/detail/xyz__type_support.cpp
[5.690s] -- Installing: /home/jeong/trial_ws/install/trial_interface/lib/libtrial_interface__rosidl_typesupport_introspection_cpp.so
[5.690s] -- Set runtime path of "/home/jeong/trial_ws/install/trial_interface/lib/libtrial_interface__rosidl_typesupport_introspection_cpp.so" to ""
[5.690s] -- Installing: /home/jeong/trial_ws/install/trial_interface/lib/libtrial_interface__rosidl_typesupport_cpp.so
[5.690s] -- Set runtime path of "/home/jeong/trial_ws/install/trial_interface/lib/libtrial_interface__rosidl_typesupport_cpp.so" to ""
[5.690s] -- Installing: /home/jeong/trial_ws/install/trial_interface/share/trial_interface/environment/pythonpath.sh
[5.691s] -- Installing: /home/jeong/trial_ws/install/trial_interface/share/trial_interface/environment/pythonpath.dsv
[5.691s] -- Installing: /home/jeong/trial_ws/install/trial_interface/lib/python3.8/site-packages/trial_interface/__init__.py
[5.722s] Compiling '/home/jeong/trial_ws/install/trial_interface/lib/python3.8/site-packages/trial_interface/__init__.py'...
[5.726s] -- Installing: /home/jeong/trial_ws/install/trial_interface/lib/python3.8/site-packages/trial_interface/msg
[5.726s] -- Installing: /home/jeong/trial_ws/install/trial_interface/lib/python3.8/site-packages/trial_interface/msg/_valu_s.c
[5.726s] -- Installing: /home/jeong/trial_ws/install/trial_interface/lib/python3.8/site-packages/trial_interface/msg/__init__.py
[5.726s] -- Installing: /home/jeong/trial_ws/install/trial_interface/lib/python3.8/site-packages/trial_interface/msg/_valu.py
[5.726s] -- Installing: /home/jeong/trial_ws/install/trial_interface/lib/python3.8/site-packages/trial_interface/srv
[5.726s] -- Installing: /home/jeong/trial_ws/install/trial_interface/lib/python3.8/site-packages/trial_interface/srv/__init__.py
[5.726s] -- Installing: /home/jeong/trial_ws/install/trial_interface/lib/python3.8/site-packages/trial_interface/srv/_xyz.py
[5.727s] -- Installing: /home/jeong/trial_ws/install/trial_interface/lib/python3.8/site-packages/trial_interface/srv/_xyz_s.c
[5.727s] -- Installing: /home/jeong/trial_ws/install/trial_interface/lib/python3.8/site-packages/trial_interface/trial_interface_s__rosidl_typesupport_fastrtps_c.cpython-38-x86_64-linux-gnu.so
[5.727s] -- Set runtime path of "/home/jeong/trial_ws/install/trial_interface/lib/python3.8/site-packages/trial_interface/trial_interface_s__rosidl_typesupport_fastrtps_c.cpython-38-x86_64-linux-gnu.so" to ""
[5.727s] -- Installing: /home/jeong/trial_ws/install/trial_interface/lib/python3.8/site-packages/trial_interface/trial_interface_s__rosidl_typesupport_introspection_c.cpython-38-x86_64-linux-gnu.so
[5.728s] -- Set runtime path of "/home/jeong/trial_ws/install/trial_interface/lib/python3.8/site-packages/trial_interface/trial_interface_s__rosidl_typesupport_introspection_c.cpython-38-x86_64-linux-gnu.so" to ""
[5.728s] -- Installing: /home/jeong/trial_ws/install/trial_interface/lib/python3.8/site-packages/trial_interface/trial_interface_s__rosidl_typesupport_c.cpython-38-x86_64-linux-gnu.so
[5.728s] -- Set runtime path of "/home/jeong/trial_ws/install/trial_interface/lib/python3.8/site-packages/trial_interface/trial_interface_s__rosidl_typesupport_c.cpython-38-x86_64-linux-gnu.so" to ""
[5.729s] -- Installing: /home/jeong/trial_ws/install/trial_interface/lib/libtrial_interface__python.so
[5.729s] -- Set runtime path of "/home/jeong/trial_ws/install/trial_interface/lib/libtrial_interface__python.so" to ""
[5.729s] -- Installing: /home/jeong/trial_ws/install/trial_interface/share/trial_interface/msg/Valu.idl
[5.729s] -- Installing: /home/jeong/trial_ws/install/trial_interface/share/trial_interface/srv/XYZ.idl
[5.729s] -- Installing: /home/jeong/trial_ws/install/trial_interface/share/trial_interface/msg/Valu.msg
[5.730s] -- Installing: /home/jeong/trial_ws/install/trial_interface/share/trial_interface/srv/XYZ.srv
[5.730s] -- Installing: /home/jeong/trial_ws/install/trial_interface/share/trial_interface/srv/XYZ_Request.msg
[5.730s] -- Installing: /home/jeong/trial_ws/install/trial_interface/share/trial_interface/srv/XYZ_Response.msg
[5.730s] -- Installing: /home/jeong/trial_ws/install/trial_interface/share/ament_index/resource_index/package_run_dependencies/trial_interface
[5.730s] -- Installing: /home/jeong/trial_ws/install/trial_interface/share/ament_index/resource_index/parent_prefix_path/trial_interface
[5.730s] -- Installing: /home/jeong/trial_ws/install/trial_interface/share/trial_interface/environment/ament_prefix_path.sh
[5.730s] -- Installing: /home/jeong/trial_ws/install/trial_interface/share/trial_interface/environment/ament_prefix_path.dsv
[5.731s] -- Installing: /home/jeong/trial_ws/install/trial_interface/share/trial_interface/environment/path.sh
[5.731s] -- Installing: /home/jeong/trial_ws/install/trial_interface/share/trial_interface/environment/path.dsv
[5.731s] -- Installing: /home/jeong/trial_ws/install/trial_interface/share/trial_interface/local_setup.bash
[5.731s] -- Installing: /home/jeong/trial_ws/install/trial_interface/share/trial_interface/local_setup.sh
[5.731s] -- Installing: /home/jeong/trial_ws/install/trial_interface/share/trial_interface/local_setup.zsh
[5.731s] -- Installing: /home/jeong/trial_ws/install/trial_interface/share/trial_interface/local_setup.dsv
[5.731s] -- Installing: /home/jeong/trial_ws/install/trial_interface/share/trial_interface/package.dsv
[5.732s] -- Installing: /home/jeong/trial_ws/install/trial_interface/share/ament_index/resource_index/packages/trial_interface
[5.732s] -- Installing: /home/jeong/trial_ws/install/trial_interface/share/trial_interface/cmake/trial_interface__rosidl_generator_cExport.cmake
[5.732s] -- Installing: /home/jeong/trial_ws/install/trial_interface/share/trial_interface/cmake/trial_interface__rosidl_generator_cExport-noconfig.cmake
[5.732s] -- Installing: /home/jeong/trial_ws/install/trial_interface/share/trial_interface/cmake/trial_interface__rosidl_typesupport_introspection_cExport.cmake
[5.732s] -- Installing: /home/jeong/trial_ws/install/trial_interface/share/trial_interface/cmake/trial_interface__rosidl_typesupport_introspection_cExport-noconfig.cmake
[5.733s] -- Installing: /home/jeong/trial_ws/install/trial_interface/share/trial_interface/cmake/trial_interface__rosidl_typesupport_cExport.cmake
[5.733s] -- Installing: /home/jeong/trial_ws/install/trial_interface/share/trial_interface/cmake/trial_interface__rosidl_typesupport_cExport-noconfig.cmake
[5.733s] -- Installing: /home/jeong/trial_ws/install/trial_interface/share/trial_interface/cmake/trial_interface__rosidl_generator_cppExport.cmake
[5.733s] -- Installing: /home/jeong/trial_ws/install/trial_interface/share/trial_interface/cmake/trial_interface__rosidl_typesupport_introspection_cppExport.cmake
[5.733s] -- Installing: /home/jeong/trial_ws/install/trial_interface/share/trial_interface/cmake/trial_interface__rosidl_typesupport_introspection_cppExport-noconfig.cmake
[5.733s] -- Installing: /home/jeong/trial_ws/install/trial_interface/share/trial_interface/cmake/trial_interface__rosidl_typesupport_cppExport.cmake
[5.734s] -- Installing: /home/jeong/trial_ws/install/trial_interface/share/trial_interface/cmake/trial_interface__rosidl_typesupport_cppExport-noconfig.cmake
[5.734s] -- Installing: /home/jeong/trial_ws/install/trial_interface/share/trial_interface/cmake/rosidl_cmake-extras.cmake
[5.734s] -- Installing: /home/jeong/trial_ws/install/trial_interface/share/trial_interface/cmake/ament_cmake_export_dependencies-extras.cmake
[5.734s] -- Installing: /home/jeong/trial_ws/install/trial_interface/share/trial_interface/cmake/ament_cmake_export_libraries-extras.cmake
[5.734s] -- Installing: /home/jeong/trial_ws/install/trial_interface/share/trial_interface/cmake/ament_cmake_export_targets-extras.cmake
[5.734s] -- Installing: /home/jeong/trial_ws/install/trial_interface/share/trial_interface/cmake/ament_cmake_export_include_directories-extras.cmake
[5.734s] -- Installing: /home/jeong/trial_ws/install/trial_interface/share/trial_interface/cmake/rosidl_cmake_export_typesupport_libraries-extras.cmake
[5.735s] -- Installing: /home/jeong/trial_ws/install/trial_interface/share/trial_interface/cmake/rosidl_cmake_export_typesupport_targets-extras.cmake
[5.735s] -- Installing: /home/jeong/trial_ws/install/trial_interface/share/trial_interface/cmake/trial_interfaceConfig.cmake
[5.735s] -- Installing: /home/jeong/trial_ws/install/trial_interface/share/trial_interface/cmake/trial_interfaceConfig-version.cmake
[5.735s] -- Installing: /home/jeong/trial_ws/install/trial_interface/share/trial_interface/package.xml
[5.738s] Invoked command in '/home/jeong/trial_ws/build/trial_interface' returned '0': CMAKE_PREFIX_PATH=/opt/ros/foxy /usr/bin/cmake --install /home/jeong/trial_ws/build/trial_interface
