running egg_info
creating ../../build/trial_launch/trial_launch.egg-info
writing ../../build/trial_launch/trial_launch.egg-info/PKG-INFO
writing dependency_links to ../../build/trial_launch/trial_launch.egg-info/dependency_links.txt
writing entry points to ../../build/trial_launch/trial_launch.egg-info/entry_points.txt
writing requirements to ../../build/trial_launch/trial_launch.egg-info/requires.txt
writing top-level names to ../../build/trial_launch/trial_launch.egg-info/top_level.txt
writing manifest file '../../build/trial_launch/trial_launch.egg-info/SOURCES.txt'
reading manifest file '../../build/trial_launch/trial_launch.egg-info/SOURCES.txt'
writing manifest file '../../build/trial_launch/trial_launch.egg-info/SOURCES.txt'
running build
running build_py
creating /home/jeong/trial_ws/build/trial_launch/build
creating /home/jeong/trial_ws/build/trial_launch/build/lib
creating /home/jeong/trial_ws/build/trial_launch/build/lib/trial_launch
copying trial_launch/__init__.py -> /home/jeong/trial_ws/build/trial_launch/build/lib/trial_launch
running install
running install_lib
creating /home/jeong/trial_ws/install/trial_launch/lib/python3.8/site-packages/trial_launch
copying /home/jeong/trial_ws/build/trial_launch/build/lib/trial_launch/__init__.py -> /home/jeong/trial_ws/install/trial_launch/lib/python3.8/site-packages/trial_launch
byte-compiling /home/jeong/trial_ws/install/trial_launch/lib/python3.8/site-packages/trial_launch/__init__.py to __init__.cpython-38.pyc
running install_data
creating /home/jeong/trial_ws/install/trial_launch/share/ament_index
creating /home/jeong/trial_ws/install/trial_launch/share/ament_index/resource_index
creating /home/jeong/trial_ws/install/trial_launch/share/ament_index/resource_index/packages
copying resource/trial_launch -> /home/jeong/trial_ws/install/trial_launch/share/ament_index/resource_index/packages
copying package.xml -> /home/jeong/trial_ws/install/trial_launch/share/trial_launch
copying launch/trial_launch.launch.py -> /home/jeong/trial_ws/install/trial_launch/share/trial_launch
running install_egg_info
Copying ../../build/trial_launch/trial_launch.egg-info to /home/jeong/trial_ws/install/trial_launch/lib/python3.8/site-packages/trial_launch-0.0.0-py3.8.egg-info
running install_scripts
writing list of installed files to '/home/jeong/trial_ws/build/trial_launch/install.log'
