[0.650s] Invoking command in '/home/jeong/trial_ws/src/trial_topic': PYTHONPATH=/home/jeong/trial_ws/install/trial_topic/lib/python3.8/site-packages:${PYTHONPATH} /usr/bin/python3 setup.py egg_info --egg-base ../../build/trial_topic build --build-base /home/jeong/trial_ws/build/trial_topic/build install --prefix /home/jeong/trial_ws/install/trial_topic --record /home/jeong/trial_ws/build/trial_topic/install.log --single-version-externally-managed
[0.865s] running egg_info
[0.866s] writing ../../build/trial_topic/trial_topic.egg-info/PKG-INFO
[0.866s] writing dependency_links to ../../build/trial_topic/trial_topic.egg-info/dependency_links.txt
[0.866s] writing entry points to ../../build/trial_topic/trial_topic.egg-info/entry_points.txt
[0.866s] writing requirements to ../../build/trial_topic/trial_topic.egg-info/requires.txt
[0.866s] writing top-level names to ../../build/trial_topic/trial_topic.egg-info/top_level.txt
[0.903s] reading manifest file '../../build/trial_topic/trial_topic.egg-info/SOURCES.txt'
[0.904s] writing manifest file '../../build/trial_topic/trial_topic.egg-info/SOURCES.txt'
[0.904s] running build
[0.904s] running build_py
[0.904s] copying trial_topic/trial_publisher.py -> /home/jeong/trial_ws/build/trial_topic/build/lib/trial_topic
[0.904s] running install
[0.905s] running install_lib
[0.906s] copying /home/jeong/trial_ws/build/trial_topic/build/lib/trial_topic/trial_publisher.py -> /home/jeong/trial_ws/install/trial_topic/lib/python3.8/site-packages/trial_topic
[0.906s] byte-compiling /home/jeong/trial_ws/install/trial_topic/lib/python3.8/site-packages/trial_topic/trial_publisher.py to trial_publisher.cpython-38.pyc
[0.908s] running install_data
[0.909s] running install_egg_info
[0.910s] removing '/home/jeong/trial_ws/install/trial_topic/lib/python3.8/site-packages/trial_topic-0.0.0-py3.8.egg-info' (and everything under it)
[0.911s] Copying ../../build/trial_topic/trial_topic.egg-info to /home/jeong/trial_ws/install/trial_topic/lib/python3.8/site-packages/trial_topic-0.0.0-py3.8.egg-info
[0.912s] running install_scripts
[0.930s] Installing publisher script to /home/jeong/trial_ws/install/trial_topic/lib/trial_topic
[0.930s] Installing subscriber script to /home/jeong/trial_ws/install/trial_topic/lib/trial_topic
[0.930s] writing list of installed files to '/home/jeong/trial_ws/build/trial_topic/install.log'
[0.953s] Invoked command in '/home/jeong/trial_ws/src/trial_topic' returned '0': PYTHONPATH=/home/jeong/trial_ws/install/trial_topic/lib/python3.8/site-packages:${PYTHONPATH} /usr/bin/python3 setup.py egg_info --egg-base ../../build/trial_topic build --build-base /home/jeong/trial_ws/build/trial_topic/build install --prefix /home/jeong/trial_ws/install/trial_topic --record /home/jeong/trial_ws/build/trial_topic/install.log --single-version-externally-managed
