[0.150s] DEBUG:colcon:Command line arguments: ['/usr/bin/colcon', 'build', '--packages-select', 'trial_interface']
[0.151s] DEBUG:colcon:Parsed command line arguments: Namespace(allow_overriding=[], ament_cmake_args=None, base_paths=['.'], build_base='build', catkin_cmake_args=None, catkin_skip_building_tests=False, cmake_args=None, cmake_clean_cache=False, cmake_clean_first=False, cmake_force_configure=False, cmake_target=None, cmake_target_skip_unavailable=False, continue_on_error=False, event_handlers=None, executor='parallel', ignore_user_meta=False, install_base='install', log_base=None, log_level=None, main=<bound method BuildVerb.main of <colcon_core.verb.build.BuildVerb object at 0x7f4f2fd9c100>>, merge_install=False, metas=['./colcon.meta'], packages_above=None, packages_above_and_dependencies=None, packages_above_depth=None, packages_end=None, packages_ignore=None, packages_ignore_regex=None, packages_select=['trial_interface'], packages_select_build_failed=False, packages_select_by_dep=None, packages_select_regex=None, packages_select_test_failures=False, packages_skip=None, packages_skip_build_finished=False, packages_skip_by_dep=None, packages_skip_regex=None, packages_skip_test_passed=False, packages_skip_up_to=None, packages_start=None, packages_up_to=None, packages_up_to_regex=None, parallel_workers=8, paths=None, symlink_install=False, test_result_base=None, verb_extension=<colcon_core.verb.build.BuildVerb object at 0x7f4f2fd9c100>, verb_name='build', verb_parser=<colcon_defaults.argument_parser.defaults.DefaultArgumentsDecorator object at 0x7f4f2fd9c580>)
[0.175s] Level 1:colcon.colcon_core.package_discovery:discover_packages(colcon_meta) check parameters
[0.176s] Level 1:colcon.colcon_core.package_discovery:discover_packages(recursive) check parameters
[0.176s] Level 1:colcon.colcon_core.package_discovery:discover_packages(ignore) check parameters
[0.176s] Level 1:colcon.colcon_core.package_discovery:discover_packages(path) check parameters
[0.176s] Level 1:colcon.colcon_core.package_discovery:discover_packages(colcon_meta) discover
[0.176s] Level 1:colcon.colcon_core.package_discovery:discover_packages(recursive) discover
[0.176s] INFO:colcon.colcon_core.package_discovery:Crawling recursively for packages in '/home/jeong/trial_ws'
[0.176s] Level 1:colcon.colcon_core.package_identification:_identify(.) by extensions ['ignore', 'ignore_ament_install']
[0.176s] Level 1:colcon.colcon_core.package_identification:_identify(.) by extension 'ignore'
[0.176s] Level 1:colcon.colcon_core.package_identification:_identify(.) by extension 'ignore_ament_install'
[0.176s] Level 1:colcon.colcon_core.package_identification:_identify(.) by extensions ['colcon_pkg']
[0.176s] Level 1:colcon.colcon_core.package_identification:_identify(.) by extension 'colcon_pkg'
[0.176s] Level 1:colcon.colcon_core.package_identification:_identify(.) by extensions ['colcon_meta']
[0.176s] Level 1:colcon.colcon_core.package_identification:_identify(.) by extension 'colcon_meta'
[0.176s] Level 1:colcon.colcon_core.package_identification:_identify(.) by extensions ['ros']
[0.176s] Level 1:colcon.colcon_core.package_identification:_identify(.) by extension 'ros'
[0.187s] Level 1:colcon.colcon_core.package_identification:_identify(.) by extensions ['cmake', 'python']
[0.187s] Level 1:colcon.colcon_core.package_identification:_identify(.) by extension 'cmake'
[0.187s] Level 1:colcon.colcon_core.package_identification:_identify(.) by extension 'python'
[0.187s] Level 1:colcon.colcon_core.package_identification:_identify(.) by extensions ['python_setup_py']
[0.187s] Level 1:colcon.colcon_core.package_identification:_identify(.) by extension 'python_setup_py'
[0.187s] Level 1:colcon.colcon_core.package_identification:_identify(build) by extensions ['ignore', 'ignore_ament_install']
[0.187s] Level 1:colcon.colcon_core.package_identification:_identify(build) by extension 'ignore'
[0.187s] Level 1:colcon.colcon_core.package_identification:_identify(build) ignored
[0.187s] Level 1:colcon.colcon_core.package_identification:_identify(install) by extensions ['ignore', 'ignore_ament_install']
[0.188s] Level 1:colcon.colcon_core.package_identification:_identify(install) by extension 'ignore'
[0.188s] Level 1:colcon.colcon_core.package_identification:_identify(install) ignored
[0.188s] Level 1:colcon.colcon_core.package_identification:_identify(log) by extensions ['ignore', 'ignore_ament_install']
[0.188s] Level 1:colcon.colcon_core.package_identification:_identify(log) by extension 'ignore'
[0.188s] Level 1:colcon.colcon_core.package_identification:_identify(log) ignored
[0.188s] Level 1:colcon.colcon_core.package_identification:_identify(src) by extensions ['ignore', 'ignore_ament_install']
[0.188s] Level 1:colcon.colcon_core.package_identification:_identify(src) by extension 'ignore'
[0.188s] Level 1:colcon.colcon_core.package_identification:_identify(src) by extension 'ignore_ament_install'
[0.188s] Level 1:colcon.colcon_core.package_identification:_identify(src) by extensions ['colcon_pkg']
[0.188s] Level 1:colcon.colcon_core.package_identification:_identify(src) by extension 'colcon_pkg'
[0.188s] Level 1:colcon.colcon_core.package_identification:_identify(src) by extensions ['colcon_meta']
[0.188s] Level 1:colcon.colcon_core.package_identification:_identify(src) by extension 'colcon_meta'
[0.188s] Level 1:colcon.colcon_core.package_identification:_identify(src) by extensions ['ros']
[0.188s] Level 1:colcon.colcon_core.package_identification:_identify(src) by extension 'ros'
[0.188s] Level 1:colcon.colcon_core.package_identification:_identify(src) by extensions ['cmake', 'python']
[0.188s] Level 1:colcon.colcon_core.package_identification:_identify(src) by extension 'cmake'
[0.189s] Level 1:colcon.colcon_core.package_identification:_identify(src) by extension 'python'
[0.189s] Level 1:colcon.colcon_core.package_identification:_identify(src) by extensions ['python_setup_py']
[0.189s] Level 1:colcon.colcon_core.package_identification:_identify(src) by extension 'python_setup_py'
[0.189s] Level 1:colcon.colcon_core.package_identification:_identify(src/dummy_package) by extensions ['ignore', 'ignore_ament_install']
[0.189s] Level 1:colcon.colcon_core.package_identification:_identify(src/dummy_package) by extension 'ignore'
[0.189s] Level 1:colcon.colcon_core.package_identification:_identify(src/dummy_package) by extension 'ignore_ament_install'
[0.189s] Level 1:colcon.colcon_core.package_identification:_identify(src/dummy_package) by extensions ['colcon_pkg']
[0.189s] Level 1:colcon.colcon_core.package_identification:_identify(src/dummy_package) by extension 'colcon_pkg'
[0.189s] Level 1:colcon.colcon_core.package_identification:_identify(src/dummy_package) by extensions ['colcon_meta']
[0.189s] Level 1:colcon.colcon_core.package_identification:_identify(src/dummy_package) by extension 'colcon_meta'
[0.189s] Level 1:colcon.colcon_core.package_identification:_identify(src/dummy_package) by extensions ['ros']
[0.189s] Level 1:colcon.colcon_core.package_identification:_identify(src/dummy_package) by extension 'ros'
[0.191s] DEBUG:colcon.colcon_core.package_identification:Package 'src/dummy_package' with type 'ros.ament_python' and name 'dummy_package'
[0.191s] Level 1:colcon.colcon_core.package_identification:_identify(src/trial_interface) by extensions ['ignore', 'ignore_ament_install']
[0.192s] Level 1:colcon.colcon_core.package_identification:_identify(src/trial_interface) by extension 'ignore'
[0.192s] Level 1:colcon.colcon_core.package_identification:_identify(src/trial_interface) by extension 'ignore_ament_install'
[0.192s] Level 1:colcon.colcon_core.package_identification:_identify(src/trial_interface) by extensions ['colcon_pkg']
[0.192s] Level 1:colcon.colcon_core.package_identification:_identify(src/trial_interface) by extension 'colcon_pkg'
[0.192s] Level 1:colcon.colcon_core.package_identification:_identify(src/trial_interface) by extensions ['colcon_meta']
[0.192s] Level 1:colcon.colcon_core.package_identification:_identify(src/trial_interface) by extension 'colcon_meta'
[0.192s] Level 1:colcon.colcon_core.package_identification:_identify(src/trial_interface) by extensions ['ros']
[0.192s] Level 1:colcon.colcon_core.package_identification:_identify(src/trial_interface) by extension 'ros'
[0.192s] DEBUG:colcon.colcon_core.package_identification:Package 'src/trial_interface' with type 'ros.ament_cmake' and name 'trial_interface'
[0.192s] Level 1:colcon.colcon_core.package_identification:_identify(src/trial_topic) by extensions ['ignore', 'ignore_ament_install']
[0.193s] Level 1:colcon.colcon_core.package_identification:_identify(src/trial_topic) by extension 'ignore'
[0.193s] Level 1:colcon.colcon_core.package_identification:_identify(src/trial_topic) by extension 'ignore_ament_install'
[0.193s] Level 1:colcon.colcon_core.package_identification:_identify(src/trial_topic) by extensions ['colcon_pkg']
[0.193s] Level 1:colcon.colcon_core.package_identification:_identify(src/trial_topic) by extension 'colcon_pkg'
[0.193s] Level 1:colcon.colcon_core.package_identification:_identify(src/trial_topic) by extensions ['colcon_meta']
[0.193s] Level 1:colcon.colcon_core.package_identification:_identify(src/trial_topic) by extension 'colcon_meta'
[0.193s] Level 1:colcon.colcon_core.package_identification:_identify(src/trial_topic) by extensions ['ros']
[0.193s] Level 1:colcon.colcon_core.package_identification:_identify(src/trial_topic) by extension 'ros'
[0.193s] DEBUG:colcon.colcon_core.package_identification:Package 'src/trial_topic' with type 'ros.ament_python' and name 'trial_topic'
[0.193s] Level 1:colcon.colcon_core.package_discovery:discover_packages(recursive) using defaults
[0.193s] Level 1:colcon.colcon_core.package_discovery:discover_packages(ignore) discover
[0.193s] Level 1:colcon.colcon_core.package_discovery:discover_packages(ignore) using defaults
[0.194s] Level 1:colcon.colcon_core.package_discovery:discover_packages(path) discover
[0.194s] Level 1:colcon.colcon_core.package_discovery:discover_packages(path) using defaults
[0.222s] INFO:colcon.colcon_core.package_selection:Skipping not selected package 'dummy_package' in 'src/dummy_package'
[0.222s] INFO:colcon.colcon_core.package_selection:Skipping not selected package 'trial_topic' in 'src/trial_topic'
[0.222s] Level 1:colcon.colcon_core.package_discovery:discover_packages(prefix_path) check parameters
[0.222s] Level 1:colcon.colcon_core.package_discovery:discover_packages(prefix_path) discover
[0.225s] DEBUG:colcon.colcon_installed_package_information.package_discovery:Found 0 installed packages in /home/jeong/colcon_ws/install
[0.227s] DEBUG:colcon.colcon_installed_package_information.package_discovery:Found 332 installed packages in /opt/ros/foxy
[0.228s] Level 1:colcon.colcon_core.package_discovery:discover_packages(prefix_path) using defaults
[0.304s] Level 5:colcon.colcon_core.verb:set package 'trial_interface' build argument 'cmake_args' from command line to 'None'
[0.304s] Level 5:colcon.colcon_core.verb:set package 'trial_interface' build argument 'cmake_target' from command line to 'None'
[0.304s] Level 5:colcon.colcon_core.verb:set package 'trial_interface' build argument 'cmake_target_skip_unavailable' from command line to 'False'
[0.305s] Level 5:colcon.colcon_core.verb:set package 'trial_interface' build argument 'cmake_clean_cache' from command line to 'False'
[0.305s] Level 5:colcon.colcon_core.verb:set package 'trial_interface' build argument 'cmake_clean_first' from command line to 'False'
[0.305s] Level 5:colcon.colcon_core.verb:set package 'trial_interface' build argument 'cmake_force_configure' from command line to 'False'
[0.305s] Level 5:colcon.colcon_core.verb:set package 'trial_interface' build argument 'ament_cmake_args' from command line to 'None'
[0.305s] Level 5:colcon.colcon_core.verb:set package 'trial_interface' build argument 'catkin_cmake_args' from command line to 'None'
[0.305s] Level 5:colcon.colcon_core.verb:set package 'trial_interface' build argument 'catkin_skip_building_tests' from command line to 'False'
[0.305s] DEBUG:colcon.colcon_core.verb:Building package 'trial_interface' with the following arguments: {'ament_cmake_args': None, 'build_base': '/home/jeong/trial_ws/build/trial_interface', 'catkin_cmake_args': None, 'catkin_skip_building_tests': False, 'cmake_args': None, 'cmake_clean_cache': False, 'cmake_clean_first': False, 'cmake_force_configure': False, 'cmake_target': None, 'cmake_target_skip_unavailable': False, 'install_base': '/home/jeong/trial_ws/install/trial_interface', 'merge_install': False, 'path': '/home/jeong/trial_ws/src/trial_interface', 'symlink_install': False, 'test_result_base': None}
[0.305s] INFO:colcon.colcon_core.executor:Executing jobs using 'parallel' executor
[0.310s] DEBUG:colcon.colcon_parallel_executor.executor.parallel:run_until_complete
[0.310s] INFO:colcon.colcon_ros.task.ament_cmake.build:Building ROS package in '/home/jeong/trial_ws/src/trial_interface' with build type 'ament_cmake'
[0.310s] INFO:colcon.colcon_cmake.task.cmake.build:Building CMake package in '/home/jeong/trial_ws/src/trial_interface'
[0.314s] INFO:colcon.colcon_core.plugin_system:Skipping extension 'colcon_core.shell.bat': Not used on non-Windows systems
[0.314s] INFO:colcon.colcon_core.shell:Skip shell extension 'powershell' for command environment: Not usable outside of PowerShell
[0.314s] DEBUG:colcon.colcon_core.shell:Skip shell extension 'dsv' for command environment
[0.324s] DEBUG:colcon.colcon_core.event_handler.log_command:Invoking command in '/home/jeong/trial_ws/build/trial_interface': CMAKE_PREFIX_PATH=/opt/ros/foxy /usr/bin/cmake /home/jeong/trial_ws/src/trial_interface -DCMAKE_INSTALL_PREFIX=/home/jeong/trial_ws/install/trial_interface
[1.882s] DEBUG:colcon.colcon_core.event_handler.log_command:Invoked command in '/home/jeong/trial_ws/build/trial_interface' returned '0': CMAKE_PREFIX_PATH=/opt/ros/foxy /usr/bin/cmake /home/jeong/trial_ws/src/trial_interface -DCMAKE_INSTALL_PREFIX=/home/jeong/trial_ws/install/trial_interface
[1.885s] DEBUG:colcon.colcon_core.event_handler.log_command:Invoking command in '/home/jeong/trial_ws/build/trial_interface': CMAKE_PREFIX_PATH=/opt/ros/foxy /usr/bin/cmake --build /home/jeong/trial_ws/build/trial_interface -- -j8 -l8
[5.919s] DEBUG:colcon.colcon_core.event_handler.log_command:Invoked command in '/home/jeong/trial_ws/build/trial_interface' returned '0': CMAKE_PREFIX_PATH=/opt/ros/foxy /usr/bin/cmake --build /home/jeong/trial_ws/build/trial_interface -- -j8 -l8
[5.983s] DEBUG:colcon.colcon_core.event_handler.log_command:Invoking command in '/home/jeong/trial_ws/build/trial_interface': CMAKE_PREFIX_PATH=/opt/ros/foxy /usr/bin/cmake --install /home/jeong/trial_ws/build/trial_interface
[6.048s] Level 1:colcon.colcon_core.environment:create_environment_scripts_only(trial_interface)
[6.049s] DEBUG:colcon.colcon_core.event_handler.log_command:Invoked command in '/home/jeong/trial_ws/build/trial_interface' returned '0': CMAKE_PREFIX_PATH=/opt/ros/foxy /usr/bin/cmake --install /home/jeong/trial_ws/build/trial_interface
[6.055s] Level 1:colcon.colcon_core.environment:checking '/home/jeong/trial_ws/install/trial_interface' for CMake module files
[6.055s] Level 1:colcon.colcon_core.environment:checking '/home/jeong/trial_ws/install/trial_interface' for CMake config files
[6.056s] Level 1:colcon.colcon_core.shell:create_environment_hook('trial_interface', 'cmake_prefix_path')
[6.058s] INFO:colcon.colcon_core.shell:Creating environment hook '/home/jeong/trial_ws/install/trial_interface/share/trial_interface/hook/cmake_prefix_path.ps1'
[6.058s] INFO:colcon.colcon_core.shell:Creating environment descriptor '/home/jeong/trial_ws/install/trial_interface/share/trial_interface/hook/cmake_prefix_path.dsv'
[6.059s] INFO:colcon.colcon_core.shell:Creating environment hook '/home/jeong/trial_ws/install/trial_interface/share/trial_interface/hook/cmake_prefix_path.sh'
[6.060s] Level 1:colcon.colcon_core.environment:checking '/home/jeong/trial_ws/install/trial_interface/lib'
[6.060s] Level 1:colcon.colcon_core.shell:create_environment_hook('trial_interface', 'ld_library_path_lib')
[6.062s] INFO:colcon.colcon_core.shell:Creating environment hook '/home/jeong/trial_ws/install/trial_interface/share/trial_interface/hook/ld_library_path_lib.ps1'
[6.062s] INFO:colcon.colcon_core.shell:Creating environment descriptor '/home/jeong/trial_ws/install/trial_interface/share/trial_interface/hook/ld_library_path_lib.dsv'
[6.062s] INFO:colcon.colcon_core.shell:Creating environment hook '/home/jeong/trial_ws/install/trial_interface/share/trial_interface/hook/ld_library_path_lib.sh'
[6.063s] Level 1:colcon.colcon_core.environment:checking '/home/jeong/trial_ws/install/trial_interface/bin'
[6.063s] Level 1:colcon.colcon_core.environment:checking '/home/jeong/trial_ws/install/trial_interface/lib/pkgconfig/trial_interface.pc'
[6.063s] Level 1:colcon.colcon_core.environment:checking '/home/jeong/trial_ws/install/trial_interface/lib/python3.8/site-packages'
[6.063s] Level 1:colcon.colcon_core.shell:create_environment_hook('trial_interface', 'pythonpath')
[6.065s] INFO:colcon.colcon_core.shell:Creating environment hook '/home/jeong/trial_ws/install/trial_interface/share/trial_interface/hook/pythonpath.ps1'
[6.065s] INFO:colcon.colcon_core.shell:Creating environment descriptor '/home/jeong/trial_ws/install/trial_interface/share/trial_interface/hook/pythonpath.dsv'
[6.065s] INFO:colcon.colcon_core.shell:Creating environment hook '/home/jeong/trial_ws/install/trial_interface/share/trial_interface/hook/pythonpath.sh'
[6.066s] Level 1:colcon.colcon_core.environment:checking '/home/jeong/trial_ws/install/trial_interface/bin'
[6.068s] INFO:colcon.colcon_core.shell:Creating package script '/home/jeong/trial_ws/install/trial_interface/share/trial_interface/package.ps1'
[6.069s] INFO:colcon.colcon_core.shell:Creating package descriptor '/home/jeong/trial_ws/install/trial_interface/share/trial_interface/package.dsv'
[6.069s] INFO:colcon.colcon_core.shell:Creating package script '/home/jeong/trial_ws/install/trial_interface/share/trial_interface/package.sh'
[6.070s] INFO:colcon.colcon_core.shell:Creating package script '/home/jeong/trial_ws/install/trial_interface/share/trial_interface/package.bash'
[6.071s] INFO:colcon.colcon_core.shell:Creating package script '/home/jeong/trial_ws/install/trial_interface/share/trial_interface/package.zsh'
[6.072s] Level 1:colcon.colcon_core.environment:create_file_with_runtime_dependencies(/home/jeong/trial_ws/install/trial_interface/share/colcon-core/packages/trial_interface)
[6.124s] Level 1:colcon.colcon_core.environment:create_environment_scripts_only(trial_interface)
[6.126s] Level 1:colcon.colcon_core.environment:checking '/home/jeong/trial_ws/install/trial_interface' for CMake module files
[6.127s] Level 1:colcon.colcon_core.environment:checking '/home/jeong/trial_ws/install/trial_interface' for CMake config files
[6.127s] Level 1:colcon.colcon_core.shell:create_environment_hook('trial_interface', 'cmake_prefix_path')
[6.128s] INFO:colcon.colcon_core.shell:Creating environment hook '/home/jeong/trial_ws/install/trial_interface/share/trial_interface/hook/cmake_prefix_path.ps1'
[6.129s] INFO:colcon.colcon_core.shell:Creating environment descriptor '/home/jeong/trial_ws/install/trial_interface/share/trial_interface/hook/cmake_prefix_path.dsv'
[6.129s] INFO:colcon.colcon_core.shell:Creating environment hook '/home/jeong/trial_ws/install/trial_interface/share/trial_interface/hook/cmake_prefix_path.sh'
[6.130s] Level 1:colcon.colcon_core.environment:checking '/home/jeong/trial_ws/install/trial_interface/lib'
[6.130s] Level 1:colcon.colcon_core.shell:create_environment_hook('trial_interface', 'ld_library_path_lib')
[6.131s] INFO:colcon.colcon_core.shell:Creating environment hook '/home/jeong/trial_ws/install/trial_interface/share/trial_interface/hook/ld_library_path_lib.ps1'
[6.132s] INFO:colcon.colcon_core.shell:Creating environment descriptor '/home/jeong/trial_ws/install/trial_interface/share/trial_interface/hook/ld_library_path_lib.dsv'
[6.132s] INFO:colcon.colcon_core.shell:Creating environment hook '/home/jeong/trial_ws/install/trial_interface/share/trial_interface/hook/ld_library_path_lib.sh'
[6.132s] Level 1:colcon.colcon_core.environment:checking '/home/jeong/trial_ws/install/trial_interface/bin'
[6.132s] Level 1:colcon.colcon_core.environment:checking '/home/jeong/trial_ws/install/trial_interface/lib/pkgconfig/trial_interface.pc'
[6.133s] Level 1:colcon.colcon_core.environment:checking '/home/jeong/trial_ws/install/trial_interface/lib/python3.8/site-packages'
[6.133s] Level 1:colcon.colcon_core.shell:create_environment_hook('trial_interface', 'pythonpath')
[6.134s] INFO:colcon.colcon_core.shell:Creating environment hook '/home/jeong/trial_ws/install/trial_interface/share/trial_interface/hook/pythonpath.ps1'
[6.134s] INFO:colcon.colcon_core.shell:Creating environment descriptor '/home/jeong/trial_ws/install/trial_interface/share/trial_interface/hook/pythonpath.dsv'
[6.135s] INFO:colcon.colcon_core.shell:Creating environment hook '/home/jeong/trial_ws/install/trial_interface/share/trial_interface/hook/pythonpath.sh'
[6.135s] Level 1:colcon.colcon_core.environment:checking '/home/jeong/trial_ws/install/trial_interface/bin'
[6.138s] INFO:colcon.colcon_core.shell:Creating package script '/home/jeong/trial_ws/install/trial_interface/share/trial_interface/package.ps1'
[6.139s] INFO:colcon.colcon_core.shell:Creating package descriptor '/home/jeong/trial_ws/install/trial_interface/share/trial_interface/package.dsv'
[6.139s] INFO:colcon.colcon_core.shell:Creating package script '/home/jeong/trial_ws/install/trial_interface/share/trial_interface/package.sh'
[6.140s] INFO:colcon.colcon_core.shell:Creating package script '/home/jeong/trial_ws/install/trial_interface/share/trial_interface/package.bash'
[6.140s] INFO:colcon.colcon_core.shell:Creating package script '/home/jeong/trial_ws/install/trial_interface/share/trial_interface/package.zsh'
[6.140s] Level 1:colcon.colcon_core.environment:create_file_with_runtime_dependencies(/home/jeong/trial_ws/install/trial_interface/share/colcon-core/packages/trial_interface)
[6.141s] DEBUG:colcon.colcon_parallel_executor.executor.parallel:closing loop
[6.141s] DEBUG:colcon.colcon_parallel_executor.executor.parallel:loop closed
[6.141s] DEBUG:colcon.colcon_parallel_executor.executor.parallel:run_until_complete finished with '0'
[6.141s] DEBUG:colcon.colcon_core.event_reactor:joining thread
[6.148s] INFO:colcon.colcon_core.plugin_system:Skipping extension 'colcon_notification.desktop_notification.terminal_notifier': Not used on non-Darwin systems
[6.148s] INFO:colcon.colcon_core.plugin_system:Skipping extension 'colcon_notification.desktop_notification.win32': Not used on non-Windows systems
[6.148s] INFO:colcon.colcon_notification.desktop_notification:Sending desktop notification using 'notify2'
[6.169s] DEBUG:colcon.colcon_core.event_reactor:joined thread
[6.170s] INFO:colcon.colcon_core.shell:Creating prefix script '/home/jeong/trial_ws/install/local_setup.ps1'
[6.171s] INFO:colcon.colcon_core.shell:Creating prefix util module '/home/jeong/trial_ws/install/_local_setup_util_ps1.py'
[6.173s] INFO:colcon.colcon_core.shell:Creating prefix chain script '/home/jeong/trial_ws/install/setup.ps1'
[6.175s] INFO:colcon.colcon_core.shell:Creating prefix script '/home/jeong/trial_ws/install/local_setup.sh'
[6.176s] INFO:colcon.colcon_core.shell:Creating prefix util module '/home/jeong/trial_ws/install/_local_setup_util_sh.py'
[6.177s] INFO:colcon.colcon_core.shell:Creating prefix chain script '/home/jeong/trial_ws/install/setup.sh'
[6.180s] INFO:colcon.colcon_core.shell:Creating prefix script '/home/jeong/trial_ws/install/local_setup.bash'
[6.181s] INFO:colcon.colcon_core.shell:Creating prefix chain script '/home/jeong/trial_ws/install/setup.bash'
[6.182s] INFO:colcon.colcon_core.shell:Creating prefix script '/home/jeong/trial_ws/install/local_setup.zsh'
[6.183s] INFO:colcon.colcon_core.shell:Creating prefix chain script '/home/jeong/trial_ws/install/setup.zsh'
