running egg_info
creating ../../build/trial_topic/trial_topic.egg-info
writing ../../build/trial_topic/trial_topic.egg-info/PKG-INFO
writing dependency_links to ../../build/trial_topic/trial_topic.egg-info/dependency_links.txt
writing entry points to ../../build/trial_topic/trial_topic.egg-info/entry_points.txt
writing requirements to ../../build/trial_topic/trial_topic.egg-info/requires.txt
writing top-level names to ../../build/trial_topic/trial_topic.egg-info/top_level.txt
writing manifest file '../../build/trial_topic/trial_topic.egg-info/SOURCES.txt'
reading manifest file '../../build/trial_topic/trial_topic.egg-info/SOURCES.txt'
writing manifest file '../../build/trial_topic/trial_topic.egg-info/SOURCES.txt'
running build
running build_py
creating /home/jeong/trial_ws/build/trial_topic/build
creating /home/jeong/trial_ws/build/trial_topic/build/lib
creating /home/jeong/trial_ws/build/trial_topic/build/lib/trial_topic
copying trial_topic/trial_subscriber.py -> /home/jeong/trial_ws/build/trial_topic/build/lib/trial_topic
copying trial_topic/__init__.py -> /home/jeong/trial_ws/build/trial_topic/build/lib/trial_topic
copying trial_topic/trial_publisher.py -> /home/jeong/trial_ws/build/trial_topic/build/lib/trial_topic
running install
running install_lib
creating /home/jeong/trial_ws/install/trial_topic/lib/python3.8/site-packages/trial_topic
copying /home/jeong/trial_ws/build/trial_topic/build/lib/trial_topic/trial_subscriber.py -> /home/jeong/trial_ws/install/trial_topic/lib/python3.8/site-packages/trial_topic
copying /home/jeong/trial_ws/build/trial_topic/build/lib/trial_topic/__init__.py -> /home/jeong/trial_ws/install/trial_topic/lib/python3.8/site-packages/trial_topic
copying /home/jeong/trial_ws/build/trial_topic/build/lib/trial_topic/trial_publisher.py -> /home/jeong/trial_ws/install/trial_topic/lib/python3.8/site-packages/trial_topic
byte-compiling /home/jeong/trial_ws/install/trial_topic/lib/python3.8/site-packages/trial_topic/trial_subscriber.py to trial_subscriber.cpython-38.pyc
byte-compiling /home/jeong/trial_ws/install/trial_topic/lib/python3.8/site-packages/trial_topic/__init__.py to __init__.cpython-38.pyc
byte-compiling /home/jeong/trial_ws/install/trial_topic/lib/python3.8/site-packages/trial_topic/trial_publisher.py to trial_publisher.cpython-38.pyc
running install_data
creating /home/jeong/trial_ws/install/trial_topic/share/ament_index
creating /home/jeong/trial_ws/install/trial_topic/share/ament_index/resource_index
creating /home/jeong/trial_ws/install/trial_topic/share/ament_index/resource_index/packages
copying resource/trial_topic -> /home/jeong/trial_ws/install/trial_topic/share/ament_index/resource_index/packages
copying package.xml -> /home/jeong/trial_ws/install/trial_topic/share/trial_topic
running install_egg_info
Copying ../../build/trial_topic/trial_topic.egg-info to /home/jeong/trial_ws/install/trial_topic/lib/python3.8/site-packages/trial_topic-0.0.0-py3.8.egg-info
running install_scripts
Installing publisher script to /home/jeong/trial_ws/install/trial_topic/lib/trial_topic
Installing subscriber script to /home/jeong/trial_ws/install/trial_topic/lib/trial_topic
writing list of installed files to '/home/jeong/trial_ws/build/trial_topic/install.log'
