running egg_info
creating ../../build/trial_topic_pi/trial_topic_pi.egg-info
writing ../../build/trial_topic_pi/trial_topic_pi.egg-info/PKG-INFO
writing dependency_links to ../../build/trial_topic_pi/trial_topic_pi.egg-info/dependency_links.txt
writing entry points to ../../build/trial_topic_pi/trial_topic_pi.egg-info/entry_points.txt
writing requirements to ../../build/trial_topic_pi/trial_topic_pi.egg-info/requires.txt
writing top-level names to ../../build/trial_topic_pi/trial_topic_pi.egg-info/top_level.txt
writing manifest file '../../build/trial_topic_pi/trial_topic_pi.egg-info/SOURCES.txt'
reading manifest file '../../build/trial_topic_pi/trial_topic_pi.egg-info/SOURCES.txt'
writing manifest file '../../build/trial_topic_pi/trial_topic_pi.egg-info/SOURCES.txt'
running build
running build_py
creating /home/jeong/trial_ws/build/trial_topic_pi/build
creating /home/jeong/trial_ws/build/trial_topic_pi/build/lib
creating /home/jeong/trial_ws/build/trial_topic_pi/build/lib/trial_topic_pi
copying trial_topic_pi/trial_publisher_pi.py -> /home/jeong/trial_ws/build/trial_topic_pi/build/lib/trial_topic_pi
copying trial_topic_pi/__init__.py -> /home/jeong/trial_ws/build/trial_topic_pi/build/lib/trial_topic_pi
copying trial_topic_pi/trial_subscriber_pi.py -> /home/jeong/trial_ws/build/trial_topic_pi/build/lib/trial_topic_pi
running install
running install_lib
creating /home/jeong/trial_ws/install/trial_topic_pi/lib/python3.8/site-packages/trial_topic_pi
copying /home/jeong/trial_ws/build/trial_topic_pi/build/lib/trial_topic_pi/trial_publisher_pi.py -> /home/jeong/trial_ws/install/trial_topic_pi/lib/python3.8/site-packages/trial_topic_pi
copying /home/jeong/trial_ws/build/trial_topic_pi/build/lib/trial_topic_pi/__init__.py -> /home/jeong/trial_ws/install/trial_topic_pi/lib/python3.8/site-packages/trial_topic_pi
copying /home/jeong/trial_ws/build/trial_topic_pi/build/lib/trial_topic_pi/trial_subscriber_pi.py -> /home/jeong/trial_ws/install/trial_topic_pi/lib/python3.8/site-packages/trial_topic_pi
byte-compiling /home/jeong/trial_ws/install/trial_topic_pi/lib/python3.8/site-packages/trial_topic_pi/trial_publisher_pi.py to trial_publisher_pi.cpython-38.pyc
byte-compiling /home/jeong/trial_ws/install/trial_topic_pi/lib/python3.8/site-packages/trial_topic_pi/__init__.py to __init__.cpython-38.pyc
byte-compiling /home/jeong/trial_ws/install/trial_topic_pi/lib/python3.8/site-packages/trial_topic_pi/trial_subscriber_pi.py to trial_subscriber_pi.cpython-38.pyc
running install_data
creating /home/jeong/trial_ws/install/trial_topic_pi/share/ament_index
creating /home/jeong/trial_ws/install/trial_topic_pi/share/ament_index/resource_index
creating /home/jeong/trial_ws/install/trial_topic_pi/share/ament_index/resource_index/packages
copying resource/trial_topic_pi -> /home/jeong/trial_ws/install/trial_topic_pi/share/ament_index/resource_index/packages
copying package.xml -> /home/jeong/trial_ws/install/trial_topic_pi/share/trial_topic_pi
running install_egg_info
Copying ../../build/trial_topic_pi/trial_topic_pi.egg-info to /home/jeong/trial_ws/install/trial_topic_pi/lib/python3.8/site-packages/trial_topic_pi-0.0.0-py3.8.egg-info
running install_scripts
Installing publisher script to /home/jeong/trial_ws/install/trial_topic_pi/lib/trial_topic_pi
Installing subscriber script to /home/jeong/trial_ws/install/trial_topic_pi/lib/trial_topic_pi
writing list of installed files to '/home/jeong/trial_ws/build/trial_topic_pi/install.log'
