[0.610s] Invoking command in '/home/jeong/trial_ws/src/trial_topic_pi': PYTHONPATH=/home/jeong/trial_ws/install/trial_topic_pi/lib/python3.8/site-packages:${PYTHONPATH} /usr/bin/python3 setup.py egg_info --egg-base ../../build/trial_topic_pi build --build-base /home/jeong/trial_ws/build/trial_topic_pi/build install --prefix /home/jeong/trial_ws/install/trial_topic_pi --record /home/jeong/trial_ws/build/trial_topic_pi/install.log --single-version-externally-managed
[0.813s] running egg_info
[0.813s] creating ../../build/trial_topic_pi/trial_topic_pi.egg-info
[0.813s] writing ../../build/trial_topic_pi/trial_topic_pi.egg-info/PKG-INFO
[0.814s] writing dependency_links to ../../build/trial_topic_pi/trial_topic_pi.egg-info/dependency_links.txt
[0.814s] writing entry points to ../../build/trial_topic_pi/trial_topic_pi.egg-info/entry_points.txt
[0.814s] writing requirements to ../../build/trial_topic_pi/trial_topic_pi.egg-info/requires.txt
[0.814s] writing top-level names to ../../build/trial_topic_pi/trial_topic_pi.egg-info/top_level.txt
[0.815s] writing manifest file '../../build/trial_topic_pi/trial_topic_pi.egg-info/SOURCES.txt'
[0.849s] reading manifest file '../../build/trial_topic_pi/trial_topic_pi.egg-info/SOURCES.txt'
[0.850s] writing manifest file '../../build/trial_topic_pi/trial_topic_pi.egg-info/SOURCES.txt'
[0.850s] running build
[0.850s] running build_py
[0.850s] creating /home/jeong/trial_ws/build/trial_topic_pi/build
[0.850s] creating /home/jeong/trial_ws/build/trial_topic_pi/build/lib
[0.850s] creating /home/jeong/trial_ws/build/trial_topic_pi/build/lib/trial_topic_pi
[0.850s] copying trial_topic_pi/trial_publisher_pi.py -> /home/jeong/trial_ws/build/trial_topic_pi/build/lib/trial_topic_pi
[0.850s] copying trial_topic_pi/__init__.py -> /home/jeong/trial_ws/build/trial_topic_pi/build/lib/trial_topic_pi
[0.851s] copying trial_topic_pi/trial_subscriber_pi.py -> /home/jeong/trial_ws/build/trial_topic_pi/build/lib/trial_topic_pi
[0.851s] running install
[0.851s] running install_lib
[0.852s] creating /home/jeong/trial_ws/install/trial_topic_pi/lib/python3.8/site-packages/trial_topic_pi
[0.852s] copying /home/jeong/trial_ws/build/trial_topic_pi/build/lib/trial_topic_pi/trial_publisher_pi.py -> /home/jeong/trial_ws/install/trial_topic_pi/lib/python3.8/site-packages/trial_topic_pi
[0.852s] copying /home/jeong/trial_ws/build/trial_topic_pi/build/lib/trial_topic_pi/__init__.py -> /home/jeong/trial_ws/install/trial_topic_pi/lib/python3.8/site-packages/trial_topic_pi
[0.852s] copying /home/jeong/trial_ws/build/trial_topic_pi/build/lib/trial_topic_pi/trial_subscriber_pi.py -> /home/jeong/trial_ws/install/trial_topic_pi/lib/python3.8/site-packages/trial_topic_pi
[0.853s] byte-compiling /home/jeong/trial_ws/install/trial_topic_pi/lib/python3.8/site-packages/trial_topic_pi/trial_publisher_pi.py to trial_publisher_pi.cpython-38.pyc
[0.854s] byte-compiling /home/jeong/trial_ws/install/trial_topic_pi/lib/python3.8/site-packages/trial_topic_pi/__init__.py to __init__.cpython-38.pyc
[0.855s] byte-compiling /home/jeong/trial_ws/install/trial_topic_pi/lib/python3.8/site-packages/trial_topic_pi/trial_subscriber_pi.py to trial_subscriber_pi.cpython-38.pyc
[0.855s] running install_data
[0.855s] creating /home/jeong/trial_ws/install/trial_topic_pi/share/ament_index
[0.856s] creating /home/jeong/trial_ws/install/trial_topic_pi/share/ament_index/resource_index
[0.856s] creating /home/jeong/trial_ws/install/trial_topic_pi/share/ament_index/resource_index/packages
[0.856s] copying resource/trial_topic_pi -> /home/jeong/trial_ws/install/trial_topic_pi/share/ament_index/resource_index/packages
[0.856s] copying package.xml -> /home/jeong/trial_ws/install/trial_topic_pi/share/trial_topic_pi
[0.856s] running install_egg_info
[0.857s] Copying ../../build/trial_topic_pi/trial_topic_pi.egg-info to /home/jeong/trial_ws/install/trial_topic_pi/lib/python3.8/site-packages/trial_topic_pi-0.0.0-py3.8.egg-info
[0.858s] running install_scripts
[0.875s] Installing publisher script to /home/jeong/trial_ws/install/trial_topic_pi/lib/trial_topic_pi
[0.875s] Installing subscriber script to /home/jeong/trial_ws/install/trial_topic_pi/lib/trial_topic_pi
[0.875s] writing list of installed files to '/home/jeong/trial_ws/build/trial_topic_pi/install.log'
[0.895s] Invoked command in '/home/jeong/trial_ws/src/trial_topic_pi' returned '0': PYTHONPATH=/home/jeong/trial_ws/install/trial_topic_pi/lib/python3.8/site-packages:${PYTHONPATH} /usr/bin/python3 setup.py egg_info --egg-base ../../build/trial_topic_pi build --build-base /home/jeong/trial_ws/build/trial_topic_pi/build install --prefix /home/jeong/trial_ws/install/trial_topic_pi --record /home/jeong/trial_ws/build/trial_topic_pi/install.log --single-version-externally-managed
